<?xml version="1.0" encoding="UTF-8" standalone="no"?><testsuite errors="1" failures="0" name="As a user, I want to retrieve all existing products." skipped="0" tests="1" time="0.66" timestamp="2024-11-09 03:27:00"><testcase name="Get all products"><error message="Some exception during recording fields" type="java.lang.RuntimeException">Some exception during recording fields</error><system-err>Some exception during recording fields
net.serenitybdd.rest.filters.FieldsRecordingFilter.filter(FieldsRecordingFilter.java:53)
io.restassured.internal.filter.FilterContextImpl.next(FilterContextImpl.groovy:72)
io.restassured.filter.log.RequestLoggingFilter.filter(RequestLoggingFilter.java:148)
net.serenitybdd.rest.filters.FieldsRecordingFilter.filter(FieldsRecordingFilter.java:40)
io.restassured.internal.filter.FilterContextImpl.next(FilterContextImpl.groovy:72)
io.restassured.filter.log.RequestLoggingFilter.filter(RequestLoggingFilter.java:148)
net.serenitybdd.rest.filters.FieldsRecordingFilter.filter(FieldsRecordingFilter.java:40)
io.restassured.internal.filter.FilterContextImpl.next(FilterContextImpl.groovy:72)
io.restassured.filter.log.RequestLoggingFilter.filter(RequestLoggingFilter.java:148)
net.serenitybdd.rest.filters.FieldsRecordingFilter.filter(FieldsRecordingFilter.java:40)
io.restassured.internal.filter.FilterContextImpl.next(FilterContextImpl.groovy:72)
io.restassured.filter.log.RequestLoggingFilter.filter(RequestLoggingFilter.java:148)
net.serenitybdd.rest.filters.FieldsRecordingFilter.filter(FieldsRecordingFilter.java:40)
io.restassured.internal.filter.FilterContextImpl.next(FilterContextImpl.groovy:72)
io.restassured.filter.log.RequestLoggingFilter.filter(RequestLoggingFilter.java:148)
net.serenitybdd.rest.filters.FieldsRecordingFilter.filter(FieldsRecordingFilter.java:40)
io.restassured.internal.filter.FilterContextImpl.next(FilterContextImpl.groovy:72)
io.restassured.internal.RequestSpecificationImpl.applyPathParamsAndSendRequest(RequestSpecificationImpl.groovy:1704)
io.restassured.internal.RequestSpecificationImpl.this$2$applyPathParamsAndSendRequest(RequestSpecificationImpl.groovy)
groovy.lang.MetaMethod.doMethodInvoke(MetaMethod.java:328)
groovy.lang.MetaClassImpl.doInvokeMethod(MetaClassImpl.java:1334)
groovy.lang.MetaClassImpl.invokeMethod(MetaClassImpl.java:1089)
groovy.lang.MetaClassImpl.invokeMethod(MetaClassImpl.java:1008)
groovy.lang.MetaClassImpl.invokeMethod(MetaClassImpl.java:791)
io.restassured.internal.RequestSpecificationImpl.invokeMethod(RequestSpecificationImpl.groovy)
io.restassured.internal.RequestSpecificationImpl.applyPathParamsAndSendRequest(RequestSpecificationImpl.groovy:1710)
io.restassured.internal.RequestSpecificationImpl.this$2$applyPathParamsAndSendRequest(RequestSpecificationImpl.groovy)
groovy.lang.MetaMethod.doMethodInvoke(MetaMethod.java:328)
groovy.lang.MetaClassImpl.doInvokeMethod(MetaClassImpl.java:1334)
groovy.lang.MetaClassImpl.invokeMethod(MetaClassImpl.java:1089)
groovy.lang.MetaClassImpl.invokeMethod(MetaClassImpl.java:1008)
groovy.lang.MetaClassImpl.invokeMethod(MetaClassImpl.java:791)
io.restassured.internal.RequestSpecificationImpl.invokeMethod(RequestSpecificationImpl.groovy)
io.restassured.internal.RequestSpecificationImpl.get(RequestSpecificationImpl.groovy:172)
net.serenitybdd.rest.decorators.request.RequestSpecificationDecorated.executeCall(RequestSpecificationDecorated.java:311)
net.serenitybdd.rest.decorators.request.RequestSpecificationDecorated.execute(RequestSpecificationDecorated.java:268)
net.serenitybdd.rest.decorators.request.RequestSpecificationDecorated.get(RequestSpecificationDecorated.java:67)
net.serenitybdd.rest.decorators.request.RequestSpecificationDecorated.get(RequestSpecificationDecorated.java:38)
co.com.udea.certificacion.checkinA.tasks.GetAllProducts.performAs(GetAllProducts.java:16)
co.com.udea.certificacion.checkinA.stepdefinitions.GetAllProductsStepDefinition.iSendAGetRequestToRetrieveAllTheProducts(GetAllProductsStepDefinition.java:34)
worker.org.gradle.process.internal.worker.GradleWorkerMain.run(GradleWorkerMain.java:69)
worker.org.gradle.process.internal.worker.GradleWorkerMain.main(GradleWorkerMain.java:74)
</system-err></testcase></testsuite>